<?xml version="1.0" encoding="UTF-8"?>
<testng-results skipped="0" failed="0" total="1" passed="1">
  <reporter-output>
  </reporter-output>
  <suite name="Default suite" duration-ms="16780" started-at="2019-02-03T13:42:51Z" finished-at="2019-02-03T13:43:08Z">
    <groups>
    </groups>
    <test name="Default test" duration-ms="16780" started-at="2019-02-03T13:42:51Z" finished-at="2019-02-03T13:43:08Z">
      <class name="Data_methods">
        <test-method status="PASS" signature="Test()[pri:0, instance:Data_methods@1eac9126]" name="Test" duration-ms="16752" started-at="2019-02-03T19:12:51Z" finished-at="2019-02-03T19:13:08Z">
          <reporter-output>
          </reporter-output>
        </test-method> <!-- Test -->
      </class> <!-- Data_methods -->
    </test> <!-- Default test -->
  </suite> <!-- Default suite -->
</testng-results>
